
*** Running vivado
    with args -log au_top_0.vdi -applog -m64 -product Vivado -messageDb vivado.pb -mode batch -source au_top_0.tcl -notrace



****** Vivado v2020.1 (64-bit)
  **** SW Build 2902540 on Wed May 27 19:54:49 MDT 2020
  **** IP Build 2902112 on Wed May 27 22:43:36 MDT 2020
    ** Copyright 1986-2020 Xilinx, Inc. All Rights Reserved.

source au_top_0.tcl -notrace
Command: link_design -top au_top_0 -part xc7a35tftg256-1
Design is defaulting to srcset: sources_1
Design is defaulting to constrset: constrs_1
INFO: [Device 21-403] Loading part xc7a35tftg256-1
Netlist sorting complete. Time (s): cpu = 00:00:00 ; elapsed = 00:00:00.010 . Memory (MB): peak = 1013.738 ; gain = 0.000
INFO: [Netlist 29-17] Analyzing 44 Unisim elements for replacement
INFO: [Netlist 29-28] Unisim Transformation completed in 0 CPU seconds
INFO: [Project 1-479] Netlist was created with Vivado 2020.1
INFO: [Project 1-570] Preparing netlist for logic optimization
Parsing XDC File [C:/Users/JK/Desktop/Comp Struct/Alchitry Au/FPGA-Game-Struct/work/constraint/custom.xdc]
CRITICAL WARNING: [Vivado 12-1411] Cannot set LOC property of ports, Terminal io_dip[10] cannot be placed on C3 (IOB_X1Y86) because the pad is already occupied by terminal buzz[0] possibly due to user constraint [C:/Users/JK/Desktop/Comp Struct/Alchitry Au/FPGA-Game-Struct/work/constraint/custom.xdc:130]
CRITICAL WARNING: [Vivado 12-1411] Cannot set LOC property of ports, Terminal io_dip[12] cannot be placed on C1 (IOB_X1Y82) because the pad is already occupied by terminal buzz[1] possibly due to user constraint [C:/Users/JK/Desktop/Comp Struct/Alchitry Au/FPGA-Game-Struct/work/constraint/custom.xdc:136]
CRITICAL WARNING: [Vivado 12-1411] Cannot set LOC property of ports, Terminal io_button[4] cannot be placed on P11 (IOB_X0Y21) because the pad is already occupied by terminal rgb_led[1] possibly due to user constraint [C:/Users/JK/Desktop/Comp Struct/Alchitry Au/FPGA-Game-Struct/work/constraint/custom.xdc:184]
Finished Parsing XDC File [C:/Users/JK/Desktop/Comp Struct/Alchitry Au/FPGA-Game-Struct/work/constraint/custom.xdc]
Parsing XDC File [C:/Users/JK/Desktop/Comp Struct/Alchitry Au/FPGA-Game-Struct/constraint/au_custom.xdc]
Finished Parsing XDC File [C:/Users/JK/Desktop/Comp Struct/Alchitry Au/FPGA-Game-Struct/constraint/au_custom.xdc]
INFO: [Opt 31-138] Pushed 0 inverter(s) to 0 load pin(s).
Netlist sorting complete. Time (s): cpu = 00:00:00 ; elapsed = 00:00:00 . Memory (MB): peak = 1013.738 ; gain = 0.000
INFO: [Project 1-111] Unisim Transformation Summary:
No Unisim elements were transformed.

7 Infos, 0 Warnings, 3 Critical Warnings and 0 Errors encountered.
link_design completed successfully
link_design: Time (s): cpu = 00:00:07 ; elapsed = 00:00:08 . Memory (MB): peak = 1013.738 ; gain = 0.000
Command: opt_design
Attempting to get a license for feature 'Implementation' and/or device 'xc7a35t'
INFO: [Common 17-349] Got license for feature 'Implementation' and/or device 'xc7a35t'
Running DRC as a precondition to command opt_design

Starting DRC Task
INFO: [DRC 23-27] Running DRC with 2 threads
INFO: [Project 1-461] DRC finished with 0 Errors
INFO: [Project 1-462] Please refer to the DRC report (report_drc) for more information.

Time (s): cpu = 00:00:01 ; elapsed = 00:00:00.992 . Memory (MB): peak = 1013.738 ; gain = 0.000

Starting Cache Timing Information Task
INFO: [Timing 38-35] Done setting XDC timing constraints.
Ending Cache Timing Information Task | Checksum: 1ad8ee773

Time (s): cpu = 00:00:09 ; elapsed = 00:00:09 . Memory (MB): peak = 1245.270 ; gain = 231.531

Starting Logic Optimization Task

Phase 1 Retarget
INFO: [Opt 31-138] Pushed 0 inverter(s) to 0 load pin(s).
INFO: [Opt 31-49] Retargeted 0 cell(s).
Phase 1 Retarget | Checksum: 1205f8ebe

Time (s): cpu = 00:00:00 ; elapsed = 00:00:00.087 . Memory (MB): peak = 1449.387 ; gain = 0.000
INFO: [Opt 31-389] Phase Retarget created 0 cells and removed 6 cells

Phase 2 Constant propagation
INFO: [Opt 31-138] Pushed 0 inverter(s) to 0 load pin(s).
Phase 2 Constant propagation | Checksum: 1205f8ebe

Time (s): cpu = 00:00:00 ; elapsed = 00:00:00.098 . Memory (MB): peak = 1449.387 ; gain = 0.000
INFO: [Opt 31-389] Phase Constant propagation created 0 cells and removed 0 cells

Phase 3 Sweep
Phase 3 Sweep | Checksum: 1364bc472

Time (s): cpu = 00:00:00 ; elapsed = 00:00:00.136 . Memory (MB): peak = 1449.387 ; gain = 0.000
INFO: [Opt 31-389] Phase Sweep created 17 cells and removed 0 cells

Phase 4 BUFG optimization
Phase 4 BUFG optimization | Checksum: 1364bc472

Time (s): cpu = 00:00:00 ; elapsed = 00:00:00.156 . Memory (MB): peak = 1449.387 ; gain = 0.000
INFO: [Opt 31-662] Phase BUFG optimization created 0 cells of which 0 are BUFGs and removed 0 cells.

Phase 5 Shift Register Optimization
INFO: [Opt 31-1064] SRL Remap converted 0 SRLs to 0 registers and converted 0 registers of register chains to 0 SRLs
Phase 5 Shift Register Optimization | Checksum: 1364bc472

Time (s): cpu = 00:00:00 ; elapsed = 00:00:00.169 . Memory (MB): peak = 1449.387 ; gain = 0.000
INFO: [Opt 31-389] Phase Shift Register Optimization created 0 cells and removed 0 cells

Phase 6 Post Processing Netlist
Phase 6 Post Processing Netlist | Checksum: c64f2f87

Time (s): cpu = 00:00:00 ; elapsed = 00:00:00.177 . Memory (MB): peak = 1449.387 ; gain = 0.000
INFO: [Opt 31-389] Phase Post Processing Netlist created 0 cells and removed 0 cells
Opt_design Change Summary
=========================


-------------------------------------------------------------------------------------------------------------------------
|  Phase                        |  #Cells created  |  #Cells Removed  |  #Constrained objects preventing optimizations  |
-------------------------------------------------------------------------------------------------------------------------
|  Retarget                     |               0  |               6  |                                              0  |
|  Constant propagation         |               0  |               0  |                                              0  |
|  Sweep                        |              17  |               0  |                                              0  |
|  BUFG optimization            |               0  |               0  |                                              0  |
|  Shift Register Optimization  |               0  |               0  |                                              0  |
|  Post Processing Netlist      |               0  |               0  |                                              0  |
-------------------------------------------------------------------------------------------------------------------------



Starting Connectivity Check Task

Time (s): cpu = 00:00:00 ; elapsed = 00:00:00.002 . Memory (MB): peak = 1449.387 ; gain = 0.000
Ending Logic Optimization Task | Checksum: 15629d58a

Time (s): cpu = 00:00:00 ; elapsed = 00:00:00.221 . Memory (MB): peak = 1449.387 ; gain = 0.000

Starting Power Optimization Task
INFO: [Pwropt 34-132] Skipping clock gating for clocks with a period < 2.00 ns.
Ending Power Optimization Task | Checksum: 15629d58a

Time (s): cpu = 00:00:00 ; elapsed = 00:00:00.015 . Memory (MB): peak = 1449.387 ; gain = 0.000

Starting Final Cleanup Task
Ending Final Cleanup Task | Checksum: 15629d58a

Time (s): cpu = 00:00:00 ; elapsed = 00:00:00 . Memory (MB): peak = 1449.387 ; gain = 0.000

Starting Netlist Obfuscation Task
Netlist sorting complete. Time (s): cpu = 00:00:00 ; elapsed = 00:00:00 . Memory (MB): peak = 1449.387 ; gain = 0.000
Ending Netlist Obfuscation Task | Checksum: 15629d58a

Time (s): cpu = 00:00:00 ; elapsed = 00:00:00 . Memory (MB): peak = 1449.387 ; gain = 0.000
INFO: [Common 17-83] Releasing license: Implementation
24 Infos, 0 Warnings, 3 Critical Warnings and 0 Errors encountered.
opt_design completed successfully
opt_design: Time (s): cpu = 00:00:13 ; elapsed = 00:00:13 . Memory (MB): peak = 1449.387 ; gain = 435.648
INFO: [Timing 38-480] Writing timing data to binary archive.
Writing placer database...
Writing XDEF routing.
Writing XDEF routing logical nets.
Writing XDEF routing special nets.
Write XDEF Complete: Time (s): cpu = 00:00:01 ; elapsed = 00:00:00.071 . Memory (MB): peak = 1449.387 ; gain = 0.000
INFO: [Common 17-1381] The checkpoint 'C:/Users/JK/Desktop/Comp Struct/Alchitry Au/FPGA-Game-Struct/work/vivado/FPGA-Game-Struct/FPGA-Game-Struct.runs/impl_1/au_top_0_opt.dcp' has been generated.
INFO: [runtcl-4] Executing : report_drc -file au_top_0_drc_opted.rpt -pb au_top_0_drc_opted.pb -rpx au_top_0_drc_opted.rpx
Command: report_drc -file au_top_0_drc_opted.rpt -pb au_top_0_drc_opted.pb -rpx au_top_0_drc_opted.rpx
INFO: [IP_Flow 19-234] Refreshing IP repositories
INFO: [IP_Flow 19-1704] No user IP repositories specified
INFO: [IP_Flow 19-2313] Loaded Vivado IP repository 'C:/Xilinx/Vivado/2020.1/data/ip'.
INFO: [DRC 23-27] Running DRC with 2 threads
INFO: [Coretcl 2-168] The results of DRC are in file C:/Users/JK/Desktop/Comp Struct/Alchitry Au/FPGA-Game-Struct/work/vivado/FPGA-Game-Struct/FPGA-Game-Struct.runs/impl_1/au_top_0_drc_opted.rpt.
report_drc completed successfully
Command: place_design
Attempting to get a license for feature 'Implementation' and/or device 'xc7a35t'
INFO: [Common 17-349] Got license for feature 'Implementation' and/or device 'xc7a35t'
INFO: [DRC 23-27] Running DRC with 2 threads
INFO: [Vivado_Tcl 4-198] DRC finished with 0 Errors
INFO: [Vivado_Tcl 4-199] Please refer to the DRC report (report_drc) for more information.
Running DRC as a precondition to command place_design
INFO: [DRC 23-27] Running DRC with 2 threads
INFO: [Vivado_Tcl 4-198] DRC finished with 0 Errors
INFO: [Vivado_Tcl 4-199] Please refer to the DRC report (report_drc) for more information.

Starting Placer Task
INFO: [Place 30-611] Multithreading enabled for place_design using a maximum of 2 CPUs

Phase 1 Placer Initialization

Phase 1.1 Placer Initialization Netlist Sorting
Netlist sorting complete. Time (s): cpu = 00:00:00 ; elapsed = 00:00:00 . Memory (MB): peak = 1449.387 ; gain = 0.000
Phase 1.1 Placer Initialization Netlist Sorting | Checksum: 7f30eee7

Time (s): cpu = 00:00:00 ; elapsed = 00:00:00.012 . Memory (MB): peak = 1449.387 ; gain = 0.000
Netlist sorting complete. Time (s): cpu = 00:00:00 ; elapsed = 00:00:00 . Memory (MB): peak = 1449.387 ; gain = 0.000

Phase 1.2 IO Placement/ Clock Placement/ Build Placer Device
WARNING: [Place 30-87] Partially locked IO Bus is found. Following components of the IO Bus io_button are not locked:  'io_button[4]' 
WARNING: [Place 30-87] Partially locked IO Bus is found. Following components of the IO Bus io_dip are not locked:  'io_dip[12]'  'io_dip[10]' 
INFO: [Timing 38-35] Done setting XDC timing constraints.
Phase 1.2 IO Placement/ Clock Placement/ Build Placer Device | Checksum: 1c228e4ca

Time (s): cpu = 00:00:02 ; elapsed = 00:00:01 . Memory (MB): peak = 1449.387 ; gain = 0.000

Phase 1.3 Build Placer Netlist Model
Phase 1.3 Build Placer Netlist Model | Checksum: 24ffb3b81

Time (s): cpu = 00:00:02 ; elapsed = 00:00:01 . Memory (MB): peak = 1449.387 ; gain = 0.000

Phase 1.4 Constrain Clocks/Macros
Phase 1.4 Constrain Clocks/Macros | Checksum: 24ffb3b81

Time (s): cpu = 00:00:02 ; elapsed = 00:00:01 . Memory (MB): peak = 1449.387 ; gain = 0.000
Phase 1 Placer Initialization | Checksum: 24ffb3b81

Time (s): cpu = 00:00:02 ; elapsed = 00:00:01 . Memory (MB): peak = 1449.387 ; gain = 0.000

Phase 2 Global Placement

Phase 2.1 Floorplanning
Phase 2.1 Floorplanning | Checksum: 2649f734d

Time (s): cpu = 00:00:02 ; elapsed = 00:00:01 . Memory (MB): peak = 1449.387 ; gain = 0.000

Phase 2.2 Global Placement Core

Phase 2.2.1 Physical Synthesis In Placer
INFO: [Physopt 32-1035] Found 0 LUTNM shape to break, 12 LUT instances to create LUTNM shape
INFO: [Physopt 32-1044] Break lutnm for timing: one critical 0, two critical 0, total 0, new lutff created 0
INFO: [Physopt 32-775] End 1 Pass. Optimized 5 nets or cells. Created 0 new cell, deleted 5 existing cells and moved 0 existing cell
INFO: [Physopt 32-65] No nets found for high-fanout optimization.
INFO: [Physopt 32-232] Optimized 0 net. Created 0 new instance.
INFO: [Physopt 32-775] End 1 Pass. Optimized 0 net or cell. Created 0 new cell, deleted 0 existing cell and moved 0 existing cell
INFO: [Physopt 32-670] No setup violation found.  DSP Register Optimization was not performed.
INFO: [Physopt 32-670] No setup violation found.  Shift Register to Pipeline Optimization was not performed.
INFO: [Physopt 32-670] No setup violation found.  Shift Register Optimization was not performed.
INFO: [Physopt 32-670] No setup violation found.  BRAM Register Optimization was not performed.
INFO: [Physopt 32-670] No setup violation found.  URAM Register Optimization was not performed.
INFO: [Physopt 32-949] No candidate nets found for HD net replication
INFO: [Physopt 32-775] End 1 Pass. Optimized 0 net or cell. Created 0 new cell, deleted 0 existing cell and moved 0 existing cell
Netlist sorting complete. Time (s): cpu = 00:00:00 ; elapsed = 00:00:00 . Memory (MB): peak = 1449.387 ; gain = 0.000

Summary of Physical Synthesis Optimizations
============================================


-----------------------------------------------------------------------------------------------------------------------------------------------------------
|  Optimization                                     |  Added Cells  |  Removed Cells  |  Optimized Cells/Nets  |  Dont Touch  |  Iterations  |  Elapsed   |
-----------------------------------------------------------------------------------------------------------------------------------------------------------
|  LUT Combining                                    |            0  |              5  |                     5  |           0  |           1  |  00:00:00  |
|  Very High Fanout                                 |            0  |              0  |                     0  |           0  |           1  |  00:00:00  |
|  DSP Register                                     |            0  |              0  |                     0  |           0  |           0  |  00:00:00  |
|  Shift Register to Pipeline                       |            0  |              0  |                     0  |           0  |           0  |  00:00:00  |
|  Shift Register                                   |            0  |              0  |                     0  |           0  |           0  |  00:00:00  |
|  BRAM Register                                    |            0  |              0  |                     0  |           0  |           0  |  00:00:00  |
|  URAM Register                                    |            0  |              0  |                     0  |           0  |           0  |  00:00:00  |
|  Dynamic/Static Region Interface Net Replication  |            0  |              0  |                     0  |           0  |           1  |  00:00:00  |
|  Total                                            |            0  |              5  |                     5  |           0  |           3  |  00:00:00  |
-----------------------------------------------------------------------------------------------------------------------------------------------------------


Phase 2.2.1 Physical Synthesis In Placer | Checksum: 2c7ed407c

Time (s): cpu = 00:00:04 ; elapsed = 00:00:03 . Memory (MB): peak = 1449.387 ; gain = 0.000
Phase 2.2 Global Placement Core | Checksum: 23d624535

Time (s): cpu = 00:00:04 ; elapsed = 00:00:03 . Memory (MB): peak = 1449.387 ; gain = 0.000
Phase 2 Global Placement | Checksum: 23d624535

Time (s): cpu = 00:00:04 ; elapsed = 00:00:03 . Memory (MB): peak = 1449.387 ; gain = 0.000

Phase 3 Detail Placement

Phase 3.1 Commit Multi Column Macros
Phase 3.1 Commit Multi Column Macros | Checksum: 215dcbc00

Time (s): cpu = 00:00:05 ; elapsed = 00:00:03 . Memory (MB): peak = 1449.387 ; gain = 0.000

Phase 3.2 Commit Most Macros & LUTRAMs
Phase 3.2 Commit Most Macros & LUTRAMs | Checksum: 1c1861525

Time (s): cpu = 00:00:05 ; elapsed = 00:00:03 . Memory (MB): peak = 1449.387 ; gain = 0.000

Phase 3.3 Area Swap Optimization
Phase 3.3 Area Swap Optimization | Checksum: 18f65faa2

Time (s): cpu = 00:00:05 ; elapsed = 00:00:03 . Memory (MB): peak = 1449.387 ; gain = 0.000

Phase 3.4 Pipeline Register Optimization
Phase 3.4 Pipeline Register Optimization | Checksum: 150b69fa7

Time (s): cpu = 00:00:05 ; elapsed = 00:00:03 . Memory (MB): peak = 1449.387 ; gain = 0.000

Phase 3.5 Small Shape Detail Placement
Phase 3.5 Small Shape Detail Placement | Checksum: 206661e3f

Time (s): cpu = 00:00:05 ; elapsed = 00:00:03 . Memory (MB): peak = 1449.387 ; gain = 0.000

Phase 3.6 Re-assign LUT pins
Phase 3.6 Re-assign LUT pins | Checksum: 1ba0ec4f1

Time (s): cpu = 00:00:05 ; elapsed = 00:00:03 . Memory (MB): peak = 1449.387 ; gain = 0.000

Phase 3.7 Pipeline Register Optimization
Phase 3.7 Pipeline Register Optimization | Checksum: 1ef5d61ee

Time (s): cpu = 00:00:05 ; elapsed = 00:00:03 . Memory (MB): peak = 1449.387 ; gain = 0.000
Phase 3 Detail Placement | Checksum: 1ef5d61ee

Time (s): cpu = 00:00:05 ; elapsed = 00:00:03 . Memory (MB): peak = 1449.387 ; gain = 0.000

Phase 4 Post Placement Optimization and Clean-Up

Phase 4.1 Post Commit Optimization
INFO: [Timing 38-35] Done setting XDC timing constraints.

Phase 4.1.1 Post Placement Optimization
Post Placement Optimization Initialization | Checksum: 1aa297c12

Phase 4.1.1.1 BUFG Insertion

Starting Physical Synthesis Task

Phase 1 Physical Synthesis Initialization
INFO: [Physopt 32-721] Multithreading enabled for phys_opt_design using a maximum of 2 CPUs
INFO: [Physopt 32-619] Estimated Timing Summary | WNS=1.067 | TNS=0.000 |
Phase 1 Physical Synthesis Initialization | Checksum: 1d13d245b

Time (s): cpu = 00:00:00 ; elapsed = 00:00:00.039 . Memory (MB): peak = 1458.160 ; gain = 0.000
INFO: [Place 46-56] BUFG insertion identified 0 candidate nets. Inserted BUFG: 0, Replicated BUFG Driver: 0, Skipped due to Placement/Routing Conflicts: 0, Skipped due to Timing Degradation: 0, Skipped due to Illegal Netlist: 0.
Ending Physical Synthesis Task | Checksum: 26cce9fb2

Time (s): cpu = 00:00:00 ; elapsed = 00:00:00.042 . Memory (MB): peak = 1458.160 ; gain = 0.000
Phase 4.1.1.1 BUFG Insertion | Checksum: 1aa297c12

Time (s): cpu = 00:00:05 ; elapsed = 00:00:03 . Memory (MB): peak = 1458.160 ; gain = 8.773
INFO: [Place 30-746] Post Placement Timing Summary WNS=1.067. For the most accurate timing information please run report_timing.
Phase 4.1.1 Post Placement Optimization | Checksum: 209dde920

Time (s): cpu = 00:00:05 ; elapsed = 00:00:03 . Memory (MB): peak = 1458.160 ; gain = 8.773
Phase 4.1 Post Commit Optimization | Checksum: 209dde920

Time (s): cpu = 00:00:06 ; elapsed = 00:00:03 . Memory (MB): peak = 1458.160 ; gain = 8.773

Phase 4.2 Post Placement Cleanup
Phase 4.2 Post Placement Cleanup | Checksum: 209dde920

Time (s): cpu = 00:00:06 ; elapsed = 00:00:03 . Memory (MB): peak = 1458.160 ; gain = 8.773

Phase 4.3 Placer Reporting
Phase 4.3 Placer Reporting | Checksum: 209dde920

Time (s): cpu = 00:00:06 ; elapsed = 00:00:03 . Memory (MB): peak = 1458.160 ; gain = 8.773

Phase 4.4 Final Placement Cleanup
Netlist sorting complete. Time (s): cpu = 00:00:00 ; elapsed = 00:00:00 . Memory (MB): peak = 1458.160 ; gain = 0.000
Phase 4.4 Final Placement Cleanup | Checksum: 1ed8d6383

Time (s): cpu = 00:00:06 ; elapsed = 00:00:03 . Memory (MB): peak = 1458.160 ; gain = 8.773
Phase 4 Post Placement Optimization and Clean-Up | Checksum: 1ed8d6383

Time (s): cpu = 00:00:06 ; elapsed = 00:00:03 . Memory (MB): peak = 1458.160 ; gain = 8.773
Ending Placer Task | Checksum: 179853372

Time (s): cpu = 00:00:06 ; elapsed = 00:00:03 . Memory (MB): peak = 1458.160 ; gain = 8.773
INFO: [Common 17-83] Releasing license: Implementation
60 Infos, 2 Warnings, 3 Critical Warnings and 0 Errors encountered.
place_design completed successfully
INFO: [Timing 38-480] Writing timing data to binary archive.
Writing placer database...
Writing XDEF routing.
Writing XDEF routing logical nets.
Writing XDEF routing special nets.
Write XDEF Complete: Time (s): cpu = 00:00:00 ; elapsed = 00:00:00.113 . Memory (MB): peak = 1458.176 ; gain = 0.016
INFO: [Common 17-1381] The checkpoint 'C:/Users/JK/Desktop/Comp Struct/Alchitry Au/FPGA-Game-Struct/work/vivado/FPGA-Game-Struct/FPGA-Game-Struct.runs/impl_1/au_top_0_placed.dcp' has been generated.
INFO: [runtcl-4] Executing : report_io -file au_top_0_io_placed.rpt
report_io: Time (s): cpu = 00:00:00 ; elapsed = 00:00:00.157 . Memory (MB): peak = 1458.176 ; gain = 0.000
INFO: [runtcl-4] Executing : report_utilization -file au_top_0_utilization_placed.rpt -pb au_top_0_utilization_placed.pb
INFO: [runtcl-4] Executing : report_control_sets -verbose -file au_top_0_control_sets_placed.rpt
report_control_sets: Time (s): cpu = 00:00:00 ; elapsed = 00:00:00.012 . Memory (MB): peak = 1458.176 ; gain = 0.000
Command: phys_opt_design
Attempting to get a license for feature 'Implementation' and/or device 'xc7a35t'
INFO: [Common 17-349] Got license for feature 'Implementation' and/or device 'xc7a35t'
INFO: [Vivado_Tcl 4-383] Design worst setup slack (WNS) is greater than or equal to 0.000 ns. Skipping all physical synthesis optimizations.
INFO: [Vivado_Tcl 4-232] No setup violation found. The netlist was not modified.
INFO: [Common 17-83] Releasing license: Implementation
69 Infos, 2 Warnings, 3 Critical Warnings and 0 Errors encountered.
phys_opt_design completed successfully
INFO: [Timing 38-480] Writing timing data to binary archive.
Writing placer database...
Writing XDEF routing.
Writing XDEF routing logical nets.
Writing XDEF routing special nets.
Write XDEF Complete: Time (s): cpu = 00:00:00 ; elapsed = 00:00:00.128 . Memory (MB): peak = 1490.527 ; gain = 17.871
INFO: [Common 17-1381] The checkpoint 'C:/Users/JK/Desktop/Comp Struct/Alchitry Au/FPGA-Game-Struct/work/vivado/FPGA-Game-Struct/FPGA-Game-Struct.runs/impl_1/au_top_0_physopt.dcp' has been generated.
Command: route_design
Attempting to get a license for feature 'Implementation' and/or device 'xc7a35t'
INFO: [Common 17-349] Got license for feature 'Implementation' and/or device 'xc7a35t'
Running DRC as a precondition to command route_design
INFO: [DRC 23-27] Running DRC with 2 threads
WARNING: [DRC PLIO-3] Placement Constraints Check for IO constraints: Partially locked IO Bus is found. Following components of the IO Bus io_button[4:0] are not locked:  io_button[4]
WARNING: [DRC PLIO-3] Placement Constraints Check for IO constraints: Partially locked IO Bus is found. Following components of the IO Bus io_dip[23:0] are not locked:  io_dip[12] io_dip[10]
INFO: [Vivado_Tcl 4-198] DRC finished with 0 Errors, 2 Warnings
INFO: [Vivado_Tcl 4-199] Please refer to the DRC report (report_drc) for more information.


Starting Routing Task
INFO: [Route 35-254] Multithreading enabled for route_design using a maximum of 2 CPUs
Checksum: PlaceDB: afe53e5a ConstDB: 0 ShapeSum: c99ff518 RouteDB: 0

Phase 1 Build RT Design
Phase 1 Build RT Design | Checksum: 174b897bf

Time (s): cpu = 00:00:22 ; elapsed = 00:00:19 . Memory (MB): peak = 1575.855 ; gain = 71.246
Post Restoration Checksum: NetGraph: ccf9c619 NumContArr: a7bed1a6 Constraints: 0 Timing: 0

Phase 2 Router Initialization

Phase 2.1 Create Timer
Phase 2.1 Create Timer | Checksum: 174b897bf

Time (s): cpu = 00:00:22 ; elapsed = 00:00:19 . Memory (MB): peak = 1575.855 ; gain = 71.246

Phase 2.2 Fix Topology Constraints
Phase 2.2 Fix Topology Constraints | Checksum: 174b897bf

Time (s): cpu = 00:00:22 ; elapsed = 00:00:19 . Memory (MB): peak = 1581.840 ; gain = 77.230

Phase 2.3 Pre Route Cleanup
Phase 2.3 Pre Route Cleanup | Checksum: 174b897bf

Time (s): cpu = 00:00:22 ; elapsed = 00:00:19 . Memory (MB): peak = 1581.840 ; gain = 77.230
 Number of Nodes with overlaps = 0

Phase 2.4 Update Timing
Phase 2.4 Update Timing | Checksum: 18d52a9e0

Time (s): cpu = 00:00:23 ; elapsed = 00:00:19 . Memory (MB): peak = 1586.043 ; gain = 81.434
INFO: [Route 35-416] Intermediate Timing Summary | WNS=1.187  | TNS=0.000  | WHS=-0.142 | THS=-5.352 |

Phase 2 Router Initialization | Checksum: 1e3bba1fb

Time (s): cpu = 00:00:23 ; elapsed = 00:00:20 . Memory (MB): peak = 1586.043 ; gain = 81.434

Router Utilization Summary
  Global Vertical Routing Utilization    = 0 %
  Global Horizontal Routing Utilization  = 0 %
  Routable Net Status*
  *Does not include unroutable nets such as driverless and loadless.
  Run report_route_status for detailed report.
  Number of Failed Nets               = 738
    (Failed Nets is the sum of unrouted and partially routed nets)
  Number of Unrouted Nets             = 738
  Number of Partially Routed Nets     = 0
  Number of Node Overlaps             = 0


Phase 3 Initial Routing
Phase 3 Initial Routing | Checksum: 13b9784fc

Time (s): cpu = 00:00:23 ; elapsed = 00:00:20 . Memory (MB): peak = 1587.230 ; gain = 82.621

Phase 4 Rip-up And Reroute

Phase 4.1 Global Iteration 0
 Number of Nodes with overlaps = 199
 Number of Nodes with overlaps = 98
 Number of Nodes with overlaps = 47
 Number of Nodes with overlaps = 18
 Number of Nodes with overlaps = 10
 Number of Nodes with overlaps = 5
 Number of Nodes with overlaps = 1
 Number of Nodes with overlaps = 4
 Number of Nodes with overlaps = 0
INFO: [Route 35-416] Intermediate Timing Summary | WNS=1.237  | TNS=0.000  | WHS=N/A    | THS=N/A    |

Phase 4.1 Global Iteration 0 | Checksum: d553fb84

Time (s): cpu = 00:00:26 ; elapsed = 00:00:22 . Memory (MB): peak = 1587.230 ; gain = 82.621
Phase 4 Rip-up And Reroute | Checksum: d553fb84

Time (s): cpu = 00:00:26 ; elapsed = 00:00:22 . Memory (MB): peak = 1587.230 ; gain = 82.621

Phase 5 Delay and Skew Optimization

Phase 5.1 Delay CleanUp
Phase 5.1 Delay CleanUp | Checksum: d553fb84

Time (s): cpu = 00:00:26 ; elapsed = 00:00:22 . Memory (MB): peak = 1587.230 ; gain = 82.621

Phase 5.2 Clock Skew Optimization
Phase 5.2 Clock Skew Optimization | Checksum: d553fb84

Time (s): cpu = 00:00:26 ; elapsed = 00:00:22 . Memory (MB): peak = 1587.230 ; gain = 82.621
Phase 5 Delay and Skew Optimization | Checksum: d553fb84

Time (s): cpu = 00:00:26 ; elapsed = 00:00:22 . Memory (MB): peak = 1587.230 ; gain = 82.621

Phase 6 Post Hold Fix

Phase 6.1 Hold Fix Iter

Phase 6.1.1 Update Timing
Phase 6.1.1 Update Timing | Checksum: 195470060

Time (s): cpu = 00:00:26 ; elapsed = 00:00:22 . Memory (MB): peak = 1587.230 ; gain = 82.621
INFO: [Route 35-416] Intermediate Timing Summary | WNS=1.331  | TNS=0.000  | WHS=0.119  | THS=0.000  |

Phase 6.1 Hold Fix Iter | Checksum: 195470060

Time (s): cpu = 00:00:26 ; elapsed = 00:00:22 . Memory (MB): peak = 1587.230 ; gain = 82.621
Phase 6 Post Hold Fix | Checksum: 195470060

Time (s): cpu = 00:00:26 ; elapsed = 00:00:22 . Memory (MB): peak = 1587.230 ; gain = 82.621

Phase 7 Route finalize

Router Utilization Summary
  Global Vertical Routing Utilization    = 0.255122 %
  Global Horizontal Routing Utilization  = 0.287741 %
  Routable Net Status*
  *Does not include unroutable nets such as driverless and loadless.
  Run report_route_status for detailed report.
  Number of Failed Nets               = 0
    (Failed Nets is the sum of unrouted and partially routed nets)
  Number of Unrouted Nets             = 0
  Number of Partially Routed Nets     = 0
  Number of Node Overlaps             = 0

Phase 7 Route finalize | Checksum: 167df3951

Time (s): cpu = 00:00:26 ; elapsed = 00:00:22 . Memory (MB): peak = 1587.230 ; gain = 82.621

Phase 8 Verifying routed nets

 Verification completed successfully
Phase 8 Verifying routed nets | Checksum: 167df3951

Time (s): cpu = 00:00:26 ; elapsed = 00:00:22 . Memory (MB): peak = 1589.238 ; gain = 84.629

Phase 9 Depositing Routes
Phase 9 Depositing Routes | Checksum: 12a826784

Time (s): cpu = 00:00:26 ; elapsed = 00:00:22 . Memory (MB): peak = 1589.238 ; gain = 84.629

Phase 10 Post Router Timing
INFO: [Route 35-57] Estimated Timing Summary | WNS=1.331  | TNS=0.000  | WHS=0.119  | THS=0.000  |

INFO: [Route 35-327] The final timing numbers are based on the router estimated timing analysis. For a complete and accurate timing signoff, please run report_timing_summary.
Phase 10 Post Router Timing | Checksum: 12a826784

Time (s): cpu = 00:00:26 ; elapsed = 00:00:22 . Memory (MB): peak = 1589.238 ; gain = 84.629
INFO: [Route 35-16] Router Completed Successfully

Time (s): cpu = 00:00:26 ; elapsed = 00:00:22 . Memory (MB): peak = 1589.238 ; gain = 84.629

Routing Is Done.
INFO: [Common 17-83] Releasing license: Implementation
83 Infos, 4 Warnings, 3 Critical Warnings and 0 Errors encountered.
route_design completed successfully
route_design: Time (s): cpu = 00:00:28 ; elapsed = 00:00:23 . Memory (MB): peak = 1589.238 ; gain = 98.711
INFO: [Timing 38-480] Writing timing data to binary archive.
Writing placer database...
Writing XDEF routing.
Writing XDEF routing logical nets.
Writing XDEF routing special nets.
Write XDEF Complete: Time (s): cpu = 00:00:00 ; elapsed = 00:00:00.109 . Memory (MB): peak = 1599.094 ; gain = 9.855
INFO: [Common 17-1381] The checkpoint 'C:/Users/JK/Desktop/Comp Struct/Alchitry Au/FPGA-Game-Struct/work/vivado/FPGA-Game-Struct/FPGA-Game-Struct.runs/impl_1/au_top_0_routed.dcp' has been generated.
INFO: [runtcl-4] Executing : report_drc -file au_top_0_drc_routed.rpt -pb au_top_0_drc_routed.pb -rpx au_top_0_drc_routed.rpx
Command: report_drc -file au_top_0_drc_routed.rpt -pb au_top_0_drc_routed.pb -rpx au_top_0_drc_routed.rpx
INFO: [IP_Flow 19-1839] IP Catalog is up to date.
INFO: [DRC 23-27] Running DRC with 2 threads
INFO: [Coretcl 2-168] The results of DRC are in file C:/Users/JK/Desktop/Comp Struct/Alchitry Au/FPGA-Game-Struct/work/vivado/FPGA-Game-Struct/FPGA-Game-Struct.runs/impl_1/au_top_0_drc_routed.rpt.
report_drc completed successfully
INFO: [runtcl-4] Executing : report_methodology -file au_top_0_methodology_drc_routed.rpt -pb au_top_0_methodology_drc_routed.pb -rpx au_top_0_methodology_drc_routed.rpx
Command: report_methodology -file au_top_0_methodology_drc_routed.rpt -pb au_top_0_methodology_drc_routed.pb -rpx au_top_0_methodology_drc_routed.rpx
INFO: [Timing 38-35] Done setting XDC timing constraints.
INFO: [DRC 23-133] Running Methodology with 2 threads
INFO: [Coretcl 2-1520] The results of Report Methodology are in file C:/Users/JK/Desktop/Comp Struct/Alchitry Au/FPGA-Game-Struct/work/vivado/FPGA-Game-Struct/FPGA-Game-Struct.runs/impl_1/au_top_0_methodology_drc_routed.rpt.
report_methodology completed successfully
INFO: [runtcl-4] Executing : report_power -file au_top_0_power_routed.rpt -pb au_top_0_power_summary_routed.pb -rpx au_top_0_power_routed.rpx
Command: report_power -file au_top_0_power_routed.rpt -pb au_top_0_power_summary_routed.pb -rpx au_top_0_power_routed.rpx
INFO: [Timing 38-35] Done setting XDC timing constraints.
Running Vector-less Activity Propagation...

Finished Running Vector-less Activity Propagation
95 Infos, 4 Warnings, 3 Critical Warnings and 0 Errors encountered.
report_power completed successfully
INFO: [runtcl-4] Executing : report_route_status -file au_top_0_route_status.rpt -pb au_top_0_route_status.pb
INFO: [runtcl-4] Executing : report_timing_summary -max_paths 10 -file au_top_0_timing_summary_routed.rpt -pb au_top_0_timing_summary_routed.pb -rpx au_top_0_timing_summary_routed.rpx -warn_on_violation 
INFO: [Timing 38-91] UpdateTimingParams: Speed grade: -1, Delay Type: min_max.
INFO: [Timing 38-191] Multithreading enabled for timing update using a maximum of 2 CPUs
INFO: [runtcl-4] Executing : report_incremental_reuse -file au_top_0_incremental_reuse_routed.rpt
INFO: [Vivado_Tcl 4-1062] Incremental flow is disabled. No incremental reuse Info to report.
INFO: [runtcl-4] Executing : report_clock_utilization -file au_top_0_clock_utilization_routed.rpt
INFO: [runtcl-4] Executing : report_bus_skew -warn_on_violation -file au_top_0_bus_skew_routed.rpt -pb au_top_0_bus_skew_routed.pb -rpx au_top_0_bus_skew_routed.rpx
INFO: [Timing 38-91] UpdateTimingParams: Speed grade: -1, Delay Type: min_max.
INFO: [Timing 38-191] Multithreading enabled for timing update using a maximum of 2 CPUs
Command: write_bitstream -force au_top_0.bit -bin_file
Attempting to get a license for feature 'Implementation' and/or device 'xc7a35t'
INFO: [Common 17-349] Got license for feature 'Implementation' and/or device 'xc7a35t'
Running DRC as a precondition to command write_bitstream
INFO: [IP_Flow 19-1839] IP Catalog is up to date.
INFO: [DRC 23-27] Running DRC with 2 threads
INFO: [Vivado 12-3199] DRC finished with 0 Errors
INFO: [Vivado 12-3200] Please refer to the DRC report (report_drc) for more information.
INFO: [Designutils 20-2272] Running write_bitstream with 2 threads.
Loading data files...
Loading site data...
Loading route data...
Processing options...
Creating bitmap...
Creating bitstream...
Bitstream compression saved 14398912 bits.
Writing bitstream ./au_top_0.bit...
Writing bitstream ./au_top_0.bin...
INFO: [Vivado 12-1842] Bitgen Completed Successfully.
INFO: [Project 1-120] WebTalk data collection is mandatory when using a WebPACK part without a full Vivado license. To see the specific WebTalk data collected for your design, open the usage_statistics_webtalk.html or usage_statistics_webtalk.xml file in the implementation directory.
INFO: [Common 17-83] Releasing license: Implementation
114 Infos, 4 Warnings, 3 Critical Warnings and 0 Errors encountered.
write_bitstream completed successfully
write_bitstream: Time (s): cpu = 00:00:14 ; elapsed = 00:00:21 . Memory (MB): peak = 2033.465 ; gain = 401.363
INFO: [Common 17-206] Exiting Vivado at Wed Dec  2 21:24:56 2020...
